current directory: /home/runner/GrandDentalString/.bundle/ruby/3.2.0/gems/io-console-0.7.2/ext/io/console
/nix/store/p19biyk23slgqhqmfl7h7cc4c1rnl3ri-ruby-3.2.2/bin/ruby extconf.rb
checking for rb_io_path()... no
checking for rb_io_descriptor()... yes
checking for rb_io_get_write_io()... yes
checking for rb_io_closed_p()... no
checking for rb_io_open_descriptor()... no
checking for termios.h... yes
checking for cfmakeraw() in termios.h... yes
checking for sys/ioctl.h... yes
checking for HAVE_RUBY_FIBER_SCHEDULER_H... yes
creating Makefile

current directory: /home/runner/GrandDentalString/.bundle/ruby/3.2.0/gems/io-console-0.7.2/ext/io/console
make DESTDIR\= sitearchdir\=./.gem.20241120-296-r8gm3q sitelibdir\=./.gem.20241120-296-r8gm3q clean

current directory: /home/runner/GrandDentalString/.bundle/ruby/3.2.0/gems/io-console-0.7.2/ext/io/console
make DESTDIR\= sitearchdir\=./.gem.20241120-296-r8gm3q sitelibdir\=./.gem.20241120-296-r8gm3q
compiling console.c
linking shared-object io/console.so

current directory: /home/runner/GrandDentalString/.bundle/ruby/3.2.0/gems/io-console-0.7.2/ext/io/console
make DESTDIR\= sitearchdir\=./.gem.20241120-296-r8gm3q sitelibdir\=./.gem.20241120-296-r8gm3q install
install -c -p -m 755 console.so ./.gem.20241120-296-r8gm3q/io

current directory: /home/runner/GrandDentalString/.bundle/ruby/3.2.0/gems/io-console-0.7.2/ext/io/console
make DESTDIR\= sitearchdir\=./.gem.20241120-296-r8gm3q sitelibdir\=./.gem.20241120-296-r8gm3q clean
