current directory: /home/runner/Rails/.bundle/ruby/3.2.0/gems/msgpack-1.4.4/ext/msgpack
/nix/store/4mm3lyj1mmqx25diw044hciai541qcic-ruby-3.2.2/bin/ruby extconf.rb
checking for ruby/st.h... yes
checking for st.h... no
checking for rb_enc_interned_str() in ruby.h... yes
creating Makefile

current directory: /home/runner/Rails/.bundle/ruby/3.2.0/gems/msgpack-1.4.4/ext/msgpack
make DESTDIR\= sitearchdir\=./.gem.20240223-1728-jx1tg2 sitelibdir\=./.gem.20240223-1728-jx1tg2 clean

current directory: /home/runner/Rails/.bundle/ruby/3.2.0/gems/msgpack-1.4.4/ext/msgpack
make DESTDIR\= sitearchdir\=./.gem.20240223-1728-jx1tg2 sitelibdir\=./.gem.20240223-1728-jx1tg2
compiling buffer.c
compiling buffer_class.c
buffer_class.c: In function ‘read_until_eof’:
buffer_class.c:261:17: warning: passing argument 3 of ‘rb_rescue2’ from incompatible pointer type [-Wincompatible-pointer-types]
  261 |                 read_until_eof_error, (VALUE)(void*) args,
      |                 ^~~~~~~~~~~~~~~~~~~~
      |                 |
      |                 VALUE (*)(VALUE) {aka long unsigned int (*)(long unsigned int)}
In file included from /nix/store/4mm3lyj1mmqx25diw044hciai541qcic-ruby-3.2.2/include/ruby-3.2.0/ruby/ruby.h:41,
                 from /nix/store/4mm3lyj1mmqx25diw044hciai541qcic-ruby-3.2.2/include/ruby-3.2.0/ruby.h:38,
                 from compat.h:22,
                 from buffer_class.c:19:
/nix/store/4mm3lyj1mmqx25diw044hciai541qcic-ruby-3.2.2/include/ruby-3.2.0/ruby/internal/iterator.h:388:63: note: expected ‘VALUE (*)(VALUE,  VALUE)’ {aka ‘long unsigned int (*)(long unsigned int,  long unsigned int)’} but argument is of type ‘VALUE (*)(VALUE)’ {aka ‘long unsigned int (*)(long unsigned int)’}
  388 | VALUE rb_rescue2(VALUE (*b_proc)(VALUE), VALUE data1, VALUE (*r_proc)(VALUE, VALUE), VALUE data2, ...);
      |                                                       ~~~~~~~~^~~~~~~~~~~~~~~~~~~~~
compiling extension_value_class.c
compiling factory_class.c
compiling packer.c
In file included from packer.h:22,
                 from packer.c:19:
In function ‘msgpack_packer_ext_registry_lookup’,
    inlined from ‘msgpack_packer_try_write_with_ext_type_lookup’ at packer.c:128:18:
packer_ext_registry.h:129:9: warning: ‘lookup_class’ may be used uninitialized [-Wmaybe-uninitialized]
  129 |         rb_hash_aset(pkrg->cache, lookup_class, superclass_type);
      |         ^~~~~~~~~~~~~~~~~~~~~~~~~~~~~~~~~~~~~~~~~~~~~~~~~~~~~~~~
packer_ext_registry.h: In function ‘msgpack_packer_try_write_with_ext_type_lookup’:
packer_ext_registry.h:85:11: note: ‘lookup_class’ was declared here
   85 |     VALUE lookup_class;
      |           ^~~~~~~~~~~~
compiling packer_class.c
compiling packer_ext_registry.c
compiling rbinit.c
compiling rmem.c
compiling unpacker.c
compiling unpacker_class.c
unpacker_class.c: In function ‘Unpacker_each’:
unpacker_class.c:316:17: warning: passing argument 3 of ‘rb_rescue2’ from incompatible pointer type [-Wincompatible-pointer-types]
  316 |                 Unpacker_rescue_EOFError, self,
      |                 ^~~~~~~~~~~~~~~~~~~~~~~~
      |                 |
      |                 VALUE (*)(VALUE) {aka long unsigned int (*)(long unsigned int)}
In file included from /nix/store/4mm3lyj1mmqx25diw044hciai541qcic-ruby-3.2.2/include/ruby-3.2.0/ruby/ruby.h:41,
                 from /nix/store/4mm3lyj1mmqx25diw044hciai541qcic-ruby-3.2.2/include/ruby-3.2.0/ruby.h:38,
                 from compat.h:22,
                 from buffer.h:21,
                 from unpacker.h:21,
                 from unpacker_class.c:19:
/nix/store/4mm3lyj1mmqx25diw044hciai541qcic-ruby-3.2.2/include/ruby-3.2.0/ruby/internal/iterator.h:388:63: note: expected ‘VALUE (*)(VALUE,  VALUE)’ {aka ‘long unsigned int (*)(long unsigned int,  long unsigned int)’} but argument is of type ‘VALUE (*)(VALUE)’ {aka ‘long unsigned int (*)(long unsigned int)’}
  388 | VALUE rb_rescue2(VALUE (*b_proc)(VALUE), VALUE data1, VALUE (*r_proc)(VALUE, VALUE), VALUE data2, ...);
      |                                                       ~~~~~~~~^~~~~~~~~~~~~~~~~~~~~
unpacker_class.c: At top level:
unpacker_class.c:225:14: warning: ‘Unpacker_peek_next_type’ defined but not used [-Wunused-function]
  225 | static VALUE Unpacker_peek_next_type(VALUE self)
      |              ^~~~~~~~~~~~~~~~~~~~~~~
compiling unpacker_ext_registry.c
linking shared-object msgpack/msgpack.so

current directory: /home/runner/Rails/.bundle/ruby/3.2.0/gems/msgpack-1.4.4/ext/msgpack
make DESTDIR\= sitearchdir\=./.gem.20240223-1728-jx1tg2 sitelibdir\=./.gem.20240223-1728-jx1tg2 install
install -c -p -m 755 msgpack.so ./.gem.20240223-1728-jx1tg2/msgpack

current directory: /home/runner/Rails/.bundle/ruby/3.2.0/gems/msgpack-1.4.4/ext/msgpack
make DESTDIR\= sitearchdir\=./.gem.20240223-1728-jx1tg2 sitelibdir\=./.gem.20240223-1728-jx1tg2 clean
