current directory: /home/runner/GrandDentalString/.bundle/ruby/3.2.0/gems/json-2.8.2/ext/json/ext/parser
/nix/store/p19biyk23slgqhqmfl7h7cc4c1rnl3ri-ruby-3.2.2/bin/ruby extconf.rb
checking for rb_enc_interned_str() in ruby.h... yes
checking for rb_hash_new_capa() in ruby.h... yes
checking for rb_gc_mark_locations() in ruby.h... yes
checking for rb_hash_bulk_insert() in ruby.h... yes
checking for rb_category_warn() in ruby.h... yes
checking for whether -std=c99 is accepted as CFLAGS... yes
creating Makefile

current directory: /home/runner/GrandDentalString/.bundle/ruby/3.2.0/gems/json-2.8.2/ext/json/ext/parser
make DESTDIR\= sitearchdir\=./.gem.20241120-296-65guqr sitelibdir\=./.gem.20241120-296-65guqr clean

current directory: /home/runner/GrandDentalString/.bundle/ruby/3.2.0/gems/json-2.8.2/ext/json/ext/parser
make DESTDIR\= sitearchdir\=./.gem.20241120-296-65guqr sitelibdir\=./.gem.20241120-296-65guqr
compiling parser.c
linking shared-object json/ext/parser.so

current directory: /home/runner/GrandDentalString/.bundle/ruby/3.2.0/gems/json-2.8.2/ext/json/ext/parser
make DESTDIR\= sitearchdir\=./.gem.20241120-296-65guqr sitelibdir\=./.gem.20241120-296-65guqr install
install -c -p -m 755 parser.so ./.gem.20241120-296-65guqr/json/ext

current directory: /home/runner/GrandDentalString/.bundle/ruby/3.2.0/gems/json-2.8.2/ext/json/ext/parser
make DESTDIR\= sitearchdir\=./.gem.20241120-296-65guqr sitelibdir\=./.gem.20241120-296-65guqr clean
